Determining if the pthread_create exist failed with the following output:
Change Dir: /home/ros-user/meu_workspace_ros_ws/build/CMakeFiles/CMakeTmp

Run Build Command:"/usr/bin/make" "cmTC_94838/fast"
/usr/bin/make -f CMakeFiles/cmTC_94838.dir/build.make CMakeFiles/cmTC_94838.dir/build
make[1]: Entering directory '/home/ros-user/meu_workspace_ros_ws/build/CMakeFiles/CMakeTmp'
Building C object CMakeFiles/cmTC_94838.dir/CheckSymbolExists.c.o
/usr/bin/cc     -o CMakeFiles/cmTC_94838.dir/CheckSymbolExists.c.o   -c /home/ros-user/meu_workspace_ros_ws/build/CMakeFiles/CMakeTmp/CheckSymbolExists.c
Linking C executable cmTC_94838
/usr/bin/cmake -E cmake_link_script CMakeFiles/cmTC_94838.dir/link.txt --verbose=1
/usr/bin/cc       CMakeFiles/cmTC_94838.dir/CheckSymbolExists.c.o  -o cmTC_94838 -rdynamic 
CMakeFiles/cmTC_94838.dir/CheckSymbolExists.c.o: In function `main':
CheckSymbolExists.c:(.text+0x16): undefined reference to `pthread_create'
collect2: error: ld returned 1 exit status
CMakeFiles/cmTC_94838.dir/build.make:97: recipe for target 'cmTC_94838' failed
make[1]: *** [cmTC_94838] Error 1
make[1]: Leaving directory '/home/ros-user/meu_workspace_ros_ws/build/CMakeFiles/CMakeTmp'
Makefile:126: recipe for target 'cmTC_94838/fast' failed
make: *** [cmTC_94838/fast] Error 2

File /home/ros-user/meu_workspace_ros_ws/build/CMakeFiles/CMakeTmp/CheckSymbolExists.c:
/* */
#include <pthread.h>

int main(int argc, char** argv)
{
  (void)argv;
#ifndef pthread_create
  return ((int*)(&pthread_create))[argc];
#else
  (void)argc;
  return 0;
#endif
}

Determining if the function pthread_create exists in the pthreads failed with the following output:
Change Dir: /home/ros-user/meu_workspace_ros_ws/build/CMakeFiles/CMakeTmp

Run Build Command:"/usr/bin/make" "cmTC_fe207/fast"
/usr/bin/make -f CMakeFiles/cmTC_fe207.dir/build.make CMakeFiles/cmTC_fe207.dir/build
make[1]: Entering directory '/home/ros-user/meu_workspace_ros_ws/build/CMakeFiles/CMakeTmp'
Building C object CMakeFiles/cmTC_fe207.dir/CheckFunctionExists.c.o
/usr/bin/cc    -DCHECK_FUNCTION_EXISTS=pthread_create   -o CMakeFiles/cmTC_fe207.dir/CheckFunctionExists.c.o   -c /usr/share/cmake-3.5/Modules/CheckFunctionExists.c
Linking C executable cmTC_fe207
/usr/bin/cmake -E cmake_link_script CMakeFiles/cmTC_fe207.dir/link.txt --verbose=1
/usr/bin/cc   -DCHECK_FUNCTION_EXISTS=pthread_create    CMakeFiles/cmTC_fe207.dir/CheckFunctionExists.c.o  -o cmTC_fe207 -rdynamic -lpthreads 
/usr/bin/ld: cannot find -lpthreads
collect2: error: ld returned 1 exit status
CMakeFiles/cmTC_fe207.dir/build.make:97: recipe for target 'cmTC_fe207' failed
make[1]: *** [cmTC_fe207] Error 1
make[1]: Leaving directory '/home/ros-user/meu_workspace_ros_ws/build/CMakeFiles/CMakeTmp'
Makefile:126: recipe for target 'cmTC_fe207/fast' failed
make: *** [cmTC_fe207/fast] Error 2


